[2021-01-15 14:13:58,927] DEBUG preRegister called. Server=com.sun.jmx.mbeanserver.JmxMBeanServer@7a92922, name=log4j:logger=kafka.controller (kafka.controller)
[2021-01-15 14:14:29,814] INFO [ControllerEventThread controllerId=0] Starting (kafka.controller.ControllerEventManager$ControllerEventThread)
[2021-01-15 14:14:29,832] INFO [Controller id=0] 0 successfully elected as the controller. Epoch incremented to 4 and epoch zk version is now 4 (kafka.controller.KafkaController)
[2021-01-15 14:14:29,833] INFO [Controller id=0] Registering handlers (kafka.controller.KafkaController)
[2021-01-15 14:14:29,836] INFO [Controller id=0] Deleting log dir event notifications (kafka.controller.KafkaController)
[2021-01-15 14:14:29,839] INFO [Controller id=0] Deleting isr change notifications (kafka.controller.KafkaController)
[2021-01-15 14:14:29,840] INFO [Controller id=0] Initializing controller context (kafka.controller.KafkaController)
[2021-01-15 14:14:29,846] INFO [Controller id=0] Initialized broker epochs cache: HashMap(0 -> 237) (kafka.controller.KafkaController)
[2021-01-15 14:14:29,853] DEBUG [Controller id=0] Register BrokerModifications handler for Set(0) (kafka.controller.KafkaController)
[2021-01-15 14:14:29,875] DEBUG [Channel manager on controller 0]: Controller 0 trying to connect to broker 0 (kafka.controller.ControllerChannelManager)
[2021-01-15 14:14:29,881] INFO [RequestSendThread controllerId=0] Starting (kafka.controller.RequestSendThread)
[2021-01-15 14:14:29,882] INFO [Controller id=0] Currently active brokers in the cluster: Set(0) (kafka.controller.KafkaController)
[2021-01-15 14:14:29,882] INFO [Controller id=0] Currently shutting brokers in the cluster: HashSet() (kafka.controller.KafkaController)
[2021-01-15 14:14:29,882] INFO [Controller id=0] Current list of topics in the cluster: HashSet(adf2fbe5afcc85a0195fbf3c0aea2e76, 38fd6dd8679c23c9c734b1018ea2b396, work_state_logs, ee104ae09e5bb97748788736d1a782dd, --from-beginning, c4ef1ff172ffcd59a75bc598934ba226, __consumer_offsets) (kafka.controller.KafkaController)
[2021-01-15 14:14:29,883] INFO [Controller id=0] Fetching topic deletions in progress (kafka.controller.KafkaController)
[2021-01-15 14:14:29,887] INFO [Controller id=0] List of topics to be deleted:  (kafka.controller.KafkaController)
[2021-01-15 14:14:29,887] INFO [Controller id=0] List of topics ineligible for deletion:  (kafka.controller.KafkaController)
[2021-01-15 14:14:29,887] INFO [Controller id=0] Initializing topic deletion manager (kafka.controller.KafkaController)
[2021-01-15 14:14:29,888] INFO [Topic Deletion Manager 0] Initializing manager with initial deletions: Set(), initial ineligible deletions: HashSet() (kafka.controller.TopicDeletionManager)
[2021-01-15 14:14:29,888] INFO [Controller id=0] Sending update metadata request (kafka.controller.KafkaController)
[2021-01-15 14:14:29,895] INFO [ReplicaStateMachine controllerId=0] Initializing replica state (kafka.controller.ZkReplicaStateMachine)
[2021-01-15 14:14:29,900] INFO [ReplicaStateMachine controllerId=0] Triggering online replica state changes (kafka.controller.ZkReplicaStateMachine)
[2021-01-15 14:14:29,903] INFO [RequestSendThread controllerId=0] Controller 0 connected to DESKTOP-VTN6HU4:9092 (id: 0 rack: null) for sending state change requests (kafka.controller.RequestSendThread)
[2021-01-15 14:14:29,916] INFO [ReplicaStateMachine controllerId=0] Triggering offline replica state changes (kafka.controller.ZkReplicaStateMachine)
[2021-01-15 14:14:29,916] DEBUG [ReplicaStateMachine controllerId=0] Started replica state machine with initial state -> HashMap([Topic=__consumer_offsets,Partition=40,Replica=0] -> OnlineReplica, [Topic=__consumer_offsets,Partition=27,Replica=0] -> OnlineReplica, [Topic=__consumer_offsets,Partition=49,Replica=0] -> OnlineReplica, [Topic=__consumer_offsets,Partition=47,Replica=0] -> OnlineReplica, [Topic=__consumer_offsets,Partition=3,Replica=0] -> OnlineReplica, [Topic=__consumer_offsets,Partition=18,Replica=0] -> OnlineReplica, [Topic=ee104ae09e5bb97748788736d1a782dd,Partition=0,Replica=0] -> OnlineReplica, [Topic=__consumer_offsets,Partition=44,Replica=0] -> OnlineReplica, [Topic=__consumer_offsets,Partition=8,Replica=0] -> OnlineReplica, [Topic=--from-beginning,Partition=0,Replica=0] -> OnlineReplica, [Topic=__consumer_offsets,Partition=34,Replica=0] -> OnlineReplica, [Topic=__consumer_offsets,Partition=25,Replica=0] -> OnlineReplica, [Topic=__consumer_offsets,Partition=14,Replica=0] -> OnlineReplica, [Topic=c4ef1ff172ffcd59a75bc598934ba226,Partition=0,Replica=0] -> OnlineReplica, [Topic=__consumer_offsets,Partition=24,Replica=0] -> OnlineReplica, [Topic=__consumer_offsets,Partition=36,Replica=0] -> OnlineReplica, [Topic=__consumer_offsets,Partition=42,Replica=0] -> OnlineReplica, [Topic=__consumer_offsets,Partition=45,Replica=0] -> OnlineReplica, [Topic=__consumer_offsets,Partition=11,Replica=0] -> OnlineReplica, [Topic=__consumer_offsets,Partition=32,Replica=0] -> OnlineReplica, [Topic=__consumer_offsets,Partition=12,Replica=0] -> OnlineReplica, [Topic=__consumer_offsets,Partition=30,Replica=0] -> OnlineReplica, [Topic=__consumer_offsets,Partition=9,Replica=0] -> OnlineReplica, [Topic=__consumer_offsets,Partition=39,Replica=0] -> OnlineReplica, [Topic=__consumer_offsets,Partition=38,Replica=0] -> OnlineReplica, [Topic=__consumer_offsets,Partition=23,Replica=0] -> OnlineReplica, [Topic=__consumer_offsets,Partition=19,Replica=0] -> OnlineReplica, [Topic=__consumer_offsets,Partition=17,Replica=0] -> OnlineReplica, [Topic=__consumer_offsets,Partition=41,Replica=0] -> OnlineReplica, [Topic=__consumer_offsets,Partition=37,Replica=0] -> OnlineReplica, [Topic=__consumer_offsets,Partition=48,Replica=0] -> OnlineReplica, [Topic=__consumer_offsets,Partition=29,Replica=0] -> OnlineReplica, [Topic=adf2fbe5afcc85a0195fbf3c0aea2e76,Partition=0,Replica=0] -> OnlineReplica, [Topic=__consumer_offsets,Partition=10,Replica=0] -> OnlineReplica, [Topic=__consumer_offsets,Partition=46,Replica=0] -> OnlineReplica, [Topic=__consumer_offsets,Partition=1,Replica=0] -> OnlineReplica, [Topic=__consumer_offsets,Partition=16,Replica=0] -> OnlineReplica, [Topic=__consumer_offsets,Partition=5,Replica=0] -> OnlineReplica, [Topic=work_state_logs,Partition=0,Replica=0] -> OnlineReplica, [Topic=__consumer_offsets,Partition=15,Replica=0] -> OnlineReplica, [Topic=__consumer_offsets,Partition=4,Replica=0] -> OnlineReplica, [Topic=__consumer_offsets,Partition=6,Replica=0] -> OnlineReplica, [Topic=__consumer_offsets,Partition=7,Replica=0] -> OnlineReplica, [Topic=__consumer_offsets,Partition=43,Replica=0] -> OnlineReplica, [Topic=__consumer_offsets,Partition=0,Replica=0] -> OnlineReplica, [Topic=__consumer_offsets,Partition=20,Replica=0] -> OnlineReplica, [Topic=__consumer_offsets,Partition=31,Replica=0] -> OnlineReplica, [Topic=__consumer_offsets,Partition=28,Replica=0] -> OnlineReplica, [Topic=38fd6dd8679c23c9c734b1018ea2b396,Partition=0,Replica=0] -> OnlineReplica, [Topic=__consumer_offsets,Partition=26,Replica=0] -> OnlineReplica, [Topic=__consumer_offsets,Partition=2,Replica=0] -> OnlineReplica, [Topic=__consumer_offsets,Partition=33,Replica=0] -> OnlineReplica, [Topic=__consumer_offsets,Partition=22,Replica=0] -> OnlineReplica, [Topic=__consumer_offsets,Partition=21,Replica=0] -> OnlineReplica, [Topic=__consumer_offsets,Partition=13,Replica=0] -> OnlineReplica, [Topic=__consumer_offsets,Partition=35,Replica=0] -> OnlineReplica) (kafka.controller.ZkReplicaStateMachine)
[2021-01-15 14:14:29,917] INFO [PartitionStateMachine controllerId=0] Initializing partition state (kafka.controller.ZkPartitionStateMachine)
[2021-01-15 14:14:29,923] INFO [PartitionStateMachine controllerId=0] Triggering online partition state changes (kafka.controller.ZkPartitionStateMachine)
[2021-01-15 14:14:29,925] DEBUG [PartitionStateMachine controllerId=0] Started partition state machine with initial state -> HashMap(__consumer_offsets-13 -> OnlinePartition, __consumer_offsets-46 -> OnlinePartition, __consumer_offsets-9 -> OnlinePartition, __consumer_offsets-42 -> OnlinePartition, __consumer_offsets-21 -> OnlinePartition, --from-beginning-0 -> OnlinePartition, __consumer_offsets-17 -> OnlinePartition, __consumer_offsets-30 -> OnlinePartition, __consumer_offsets-26 -> OnlinePartition, __consumer_offsets-5 -> OnlinePartition, __consumer_offsets-38 -> OnlinePartition, __consumer_offsets-1 -> OnlinePartition, __consumer_offsets-34 -> OnlinePartition, __consumer_offsets-16 -> OnlinePartition, __consumer_offsets-45 -> OnlinePartition, __consumer_offsets-12 -> OnlinePartition, __consumer_offsets-41 -> OnlinePartition, __consumer_offsets-24 -> OnlinePartition, __consumer_offsets-20 -> OnlinePartition, __consumer_offsets-49 -> OnlinePartition, __consumer_offsets-0 -> OnlinePartition, __consumer_offsets-29 -> OnlinePartition, __consumer_offsets-25 -> OnlinePartition, adf2fbe5afcc85a0195fbf3c0aea2e76-0 -> OnlinePartition, __consumer_offsets-8 -> OnlinePartition, __consumer_offsets-37 -> OnlinePartition, __consumer_offsets-4 -> OnlinePartition, __consumer_offsets-33 -> OnlinePartition, __consumer_offsets-15 -> OnlinePartition, work_state_logs-0 -> OnlinePartition, __consumer_offsets-48 -> OnlinePartition, __consumer_offsets-11 -> OnlinePartition, __consumer_offsets-44 -> OnlinePartition, __consumer_offsets-23 -> OnlinePartition, __consumer_offsets-19 -> OnlinePartition, __consumer_offsets-32 -> OnlinePartition, __consumer_offsets-28 -> OnlinePartition, __consumer_offsets-7 -> OnlinePartition, __consumer_offsets-40 -> OnlinePartition, __consumer_offsets-3 -> OnlinePartition, ee104ae09e5bb97748788736d1a782dd-0 -> OnlinePartition, __consumer_offsets-36 -> OnlinePartition, __consumer_offsets-47 -> OnlinePartition, __consumer_offsets-14 -> OnlinePartition, __consumer_offsets-43 -> OnlinePartition, 38fd6dd8679c23c9c734b1018ea2b396-0 -> OnlinePartition, __consumer_offsets-10 -> OnlinePartition, __consumer_offsets-22 -> OnlinePartition, __consumer_offsets-18 -> OnlinePartition, __consumer_offsets-31 -> OnlinePartition, __consumer_offsets-27 -> OnlinePartition, __consumer_offsets-39 -> OnlinePartition, c4ef1ff172ffcd59a75bc598934ba226-0 -> OnlinePartition, __consumer_offsets-6 -> OnlinePartition, __consumer_offsets-35 -> OnlinePartition, __consumer_offsets-2 -> OnlinePartition) (kafka.controller.ZkPartitionStateMachine)
[2021-01-15 14:14:29,925] INFO [Controller id=0] Ready to serve as the new controller with epoch 4 (kafka.controller.KafkaController)
[2021-01-15 14:14:29,933] INFO [Controller id=0] Partitions undergoing preferred replica election:  (kafka.controller.KafkaController)
[2021-01-15 14:14:29,933] INFO [Controller id=0] Partitions that completed preferred replica election:  (kafka.controller.KafkaController)
[2021-01-15 14:14:29,933] INFO [Controller id=0] Skipping preferred replica election for partitions due to topic deletion:  (kafka.controller.KafkaController)
[2021-01-15 14:14:29,934] INFO [Controller id=0] Resuming preferred replica election for partitions:  (kafka.controller.KafkaController)
[2021-01-15 14:14:29,935] INFO [Controller id=0] Starting replica leader election (PREFERRED) for partitions  triggered by ZkTriggered (kafka.controller.KafkaController)
[2021-01-15 14:14:29,944] INFO [Controller id=0] Starting the controller scheduler (kafka.controller.KafkaController)
[2021-01-15 14:14:34,953] INFO [Controller id=0] Processing automatic preferred replica leader election (kafka.controller.KafkaController)
[2021-01-15 14:14:34,954] TRACE [Controller id=0] Checking need to trigger auto leader balancing (kafka.controller.KafkaController)
[2021-01-15 14:14:34,965] DEBUG [Controller id=0] Topics not in preferred replica for broker 0 HashMap() (kafka.controller.KafkaController)
[2021-01-15 14:14:34,969] TRACE [Controller id=0] Leader imbalance ratio for broker 0 is 0.0 (kafka.controller.KafkaController)
[2021-01-15 14:19:34,979] INFO [Controller id=0] Processing automatic preferred replica leader election (kafka.controller.KafkaController)
[2021-01-15 14:19:34,979] TRACE [Controller id=0] Checking need to trigger auto leader balancing (kafka.controller.KafkaController)
[2021-01-15 14:19:34,981] DEBUG [Controller id=0] Topics not in preferred replica for broker 0 HashMap() (kafka.controller.KafkaController)
[2021-01-15 14:19:34,981] TRACE [Controller id=0] Leader imbalance ratio for broker 0 is 0.0 (kafka.controller.KafkaController)
[2021-01-15 14:24:34,993] INFO [Controller id=0] Processing automatic preferred replica leader election (kafka.controller.KafkaController)
[2021-01-15 14:24:34,993] TRACE [Controller id=0] Checking need to trigger auto leader balancing (kafka.controller.KafkaController)
[2021-01-15 14:24:34,994] DEBUG [Controller id=0] Topics not in preferred replica for broker 0 HashMap() (kafka.controller.KafkaController)
[2021-01-15 14:24:34,994] TRACE [Controller id=0] Leader imbalance ratio for broker 0 is 0.0 (kafka.controller.KafkaController)
[2021-01-15 14:29:35,000] INFO [Controller id=0] Processing automatic preferred replica leader election (kafka.controller.KafkaController)
[2021-01-15 14:29:35,000] TRACE [Controller id=0] Checking need to trigger auto leader balancing (kafka.controller.KafkaController)
[2021-01-15 14:29:35,001] DEBUG [Controller id=0] Topics not in preferred replica for broker 0 HashMap() (kafka.controller.KafkaController)
[2021-01-15 14:29:35,001] TRACE [Controller id=0] Leader imbalance ratio for broker 0 is 0.0 (kafka.controller.KafkaController)
[2021-01-15 14:34:35,015] INFO [Controller id=0] Processing automatic preferred replica leader election (kafka.controller.KafkaController)
[2021-01-15 14:34:35,015] TRACE [Controller id=0] Checking need to trigger auto leader balancing (kafka.controller.KafkaController)
[2021-01-15 14:34:35,016] DEBUG [Controller id=0] Topics not in preferred replica for broker 0 HashMap() (kafka.controller.KafkaController)
[2021-01-15 14:34:35,016] TRACE [Controller id=0] Leader imbalance ratio for broker 0 is 0.0 (kafka.controller.KafkaController)
[2021-01-15 14:39:35,023] INFO [Controller id=0] Processing automatic preferred replica leader election (kafka.controller.KafkaController)
[2021-01-15 14:39:35,023] TRACE [Controller id=0] Checking need to trigger auto leader balancing (kafka.controller.KafkaController)
[2021-01-15 14:39:35,024] DEBUG [Controller id=0] Topics not in preferred replica for broker 0 HashMap() (kafka.controller.KafkaController)
[2021-01-15 14:39:35,024] TRACE [Controller id=0] Leader imbalance ratio for broker 0 is 0.0 (kafka.controller.KafkaController)
[2021-01-15 14:39:54,122] INFO [Controller id=0] New topics: [HashSet(c4ef1ff172ffcd59a75bc598934ba22)], deleted topics: [HashSet()], new partition replica assignment [Map(c4ef1ff172ffcd59a75bc598934ba22-0 -> ReplicaAssignment(replicas=0, addingReplicas=, removingReplicas=))] (kafka.controller.KafkaController)
[2021-01-15 14:39:54,122] INFO [Controller id=0] New partition creation callback for c4ef1ff172ffcd59a75bc598934ba22-0 (kafka.controller.KafkaController)
[2021-01-15 14:39:54,139] INFO [RequestSendThread controllerId=0] Controller 0 connected to DESKTOP-VTN6HU4:9092 (id: 0 rack: null) for sending state change requests (kafka.controller.RequestSendThread)
[2021-01-15 14:44:35,030] INFO [Controller id=0] Processing automatic preferred replica leader election (kafka.controller.KafkaController)
[2021-01-15 14:44:35,030] TRACE [Controller id=0] Checking need to trigger auto leader balancing (kafka.controller.KafkaController)
[2021-01-15 14:44:35,031] DEBUG [Controller id=0] Topics not in preferred replica for broker 0 HashMap() (kafka.controller.KafkaController)
[2021-01-15 14:44:35,031] TRACE [Controller id=0] Leader imbalance ratio for broker 0 is 0.0 (kafka.controller.KafkaController)
[2021-01-15 14:49:35,032] INFO [Controller id=0] Processing automatic preferred replica leader election (kafka.controller.KafkaController)
[2021-01-15 14:49:35,032] TRACE [Controller id=0] Checking need to trigger auto leader balancing (kafka.controller.KafkaController)
[2021-01-15 14:49:35,032] DEBUG [Controller id=0] Topics not in preferred replica for broker 0 HashMap() (kafka.controller.KafkaController)
[2021-01-15 14:49:35,033] TRACE [Controller id=0] Leader imbalance ratio for broker 0 is 0.0 (kafka.controller.KafkaController)
[2021-01-15 14:54:35,039] INFO [Controller id=0] Processing automatic preferred replica leader election (kafka.controller.KafkaController)
[2021-01-15 14:54:35,039] TRACE [Controller id=0] Checking need to trigger auto leader balancing (kafka.controller.KafkaController)
[2021-01-15 14:54:35,039] DEBUG [Controller id=0] Topics not in preferred replica for broker 0 HashMap() (kafka.controller.KafkaController)
[2021-01-15 14:54:35,040] TRACE [Controller id=0] Leader imbalance ratio for broker 0 is 0.0 (kafka.controller.KafkaController)
[2021-01-15 14:59:35,043] INFO [Controller id=0] Processing automatic preferred replica leader election (kafka.controller.KafkaController)
[2021-01-15 14:59:35,043] TRACE [Controller id=0] Checking need to trigger auto leader balancing (kafka.controller.KafkaController)
[2021-01-15 14:59:35,044] DEBUG [Controller id=0] Topics not in preferred replica for broker 0 HashMap() (kafka.controller.KafkaController)
[2021-01-15 14:59:35,044] TRACE [Controller id=0] Leader imbalance ratio for broker 0 is 0.0 (kafka.controller.KafkaController)
[2021-01-15 15:04:35,096] INFO [Controller id=0] Processing automatic preferred replica leader election (kafka.controller.KafkaController)
[2021-01-15 15:04:35,099] TRACE [Controller id=0] Checking need to trigger auto leader balancing (kafka.controller.KafkaController)
[2021-01-15 15:04:35,100] DEBUG [Controller id=0] Topics not in preferred replica for broker 0 HashMap() (kafka.controller.KafkaController)
[2021-01-15 15:04:35,100] TRACE [Controller id=0] Leader imbalance ratio for broker 0 is 0.0 (kafka.controller.KafkaController)
[2021-01-15 15:09:35,108] INFO [Controller id=0] Processing automatic preferred replica leader election (kafka.controller.KafkaController)
[2021-01-15 15:09:35,108] TRACE [Controller id=0] Checking need to trigger auto leader balancing (kafka.controller.KafkaController)
[2021-01-15 15:09:35,108] DEBUG [Controller id=0] Topics not in preferred replica for broker 0 HashMap() (kafka.controller.KafkaController)
[2021-01-15 15:09:35,108] TRACE [Controller id=0] Leader imbalance ratio for broker 0 is 0.0 (kafka.controller.KafkaController)
[2021-01-15 15:14:35,116] INFO [Controller id=0] Processing automatic preferred replica leader election (kafka.controller.KafkaController)
[2021-01-15 15:14:35,116] TRACE [Controller id=0] Checking need to trigger auto leader balancing (kafka.controller.KafkaController)
[2021-01-15 15:14:35,116] DEBUG [Controller id=0] Topics not in preferred replica for broker 0 HashMap() (kafka.controller.KafkaController)
[2021-01-15 15:14:35,116] TRACE [Controller id=0] Leader imbalance ratio for broker 0 is 0.0 (kafka.controller.KafkaController)
[2021-01-15 15:19:35,126] INFO [Controller id=0] Processing automatic preferred replica leader election (kafka.controller.KafkaController)
[2021-01-15 15:19:35,126] TRACE [Controller id=0] Checking need to trigger auto leader balancing (kafka.controller.KafkaController)
[2021-01-15 15:19:35,126] DEBUG [Controller id=0] Topics not in preferred replica for broker 0 HashMap() (kafka.controller.KafkaController)
[2021-01-15 15:19:35,126] TRACE [Controller id=0] Leader imbalance ratio for broker 0 is 0.0 (kafka.controller.KafkaController)
[2021-01-15 15:24:35,127] INFO [Controller id=0] Processing automatic preferred replica leader election (kafka.controller.KafkaController)
[2021-01-15 15:24:35,127] TRACE [Controller id=0] Checking need to trigger auto leader balancing (kafka.controller.KafkaController)
[2021-01-15 15:24:35,127] DEBUG [Controller id=0] Topics not in preferred replica for broker 0 HashMap() (kafka.controller.KafkaController)
[2021-01-15 15:24:35,127] TRACE [Controller id=0] Leader imbalance ratio for broker 0 is 0.0 (kafka.controller.KafkaController)
[2021-01-15 15:29:35,136] INFO [Controller id=0] Processing automatic preferred replica leader election (kafka.controller.KafkaController)
[2021-01-15 15:29:35,136] TRACE [Controller id=0] Checking need to trigger auto leader balancing (kafka.controller.KafkaController)
[2021-01-15 15:29:35,137] DEBUG [Controller id=0] Topics not in preferred replica for broker 0 HashMap() (kafka.controller.KafkaController)
[2021-01-15 15:29:35,137] TRACE [Controller id=0] Leader imbalance ratio for broker 0 is 0.0 (kafka.controller.KafkaController)
[2021-01-15 15:34:35,146] INFO [Controller id=0] Processing automatic preferred replica leader election (kafka.controller.KafkaController)
[2021-01-15 15:34:35,146] TRACE [Controller id=0] Checking need to trigger auto leader balancing (kafka.controller.KafkaController)
[2021-01-15 15:34:35,148] DEBUG [Controller id=0] Topics not in preferred replica for broker 0 HashMap() (kafka.controller.KafkaController)
[2021-01-15 15:34:35,148] TRACE [Controller id=0] Leader imbalance ratio for broker 0 is 0.0 (kafka.controller.KafkaController)
[2021-01-15 15:39:35,158] INFO [Controller id=0] Processing automatic preferred replica leader election (kafka.controller.KafkaController)
[2021-01-15 15:39:35,158] TRACE [Controller id=0] Checking need to trigger auto leader balancing (kafka.controller.KafkaController)
[2021-01-15 15:39:35,159] DEBUG [Controller id=0] Topics not in preferred replica for broker 0 HashMap() (kafka.controller.KafkaController)
[2021-01-15 15:39:35,160] TRACE [Controller id=0] Leader imbalance ratio for broker 0 is 0.0 (kafka.controller.KafkaController)
[2021-01-15 15:44:35,172] INFO [Controller id=0] Processing automatic preferred replica leader election (kafka.controller.KafkaController)
[2021-01-15 15:44:35,172] TRACE [Controller id=0] Checking need to trigger auto leader balancing (kafka.controller.KafkaController)
[2021-01-15 15:44:35,172] DEBUG [Controller id=0] Topics not in preferred replica for broker 0 HashMap() (kafka.controller.KafkaController)
[2021-01-15 15:44:35,172] TRACE [Controller id=0] Leader imbalance ratio for broker 0 is 0.0 (kafka.controller.KafkaController)
[2021-01-15 15:49:35,181] INFO [Controller id=0] Processing automatic preferred replica leader election (kafka.controller.KafkaController)
[2021-01-15 15:49:35,181] TRACE [Controller id=0] Checking need to trigger auto leader balancing (kafka.controller.KafkaController)
[2021-01-15 15:49:35,183] DEBUG [Controller id=0] Topics not in preferred replica for broker 0 HashMap() (kafka.controller.KafkaController)
[2021-01-15 15:49:35,183] TRACE [Controller id=0] Leader imbalance ratio for broker 0 is 0.0 (kafka.controller.KafkaController)
[2021-01-15 15:54:35,197] INFO [Controller id=0] Processing automatic preferred replica leader election (kafka.controller.KafkaController)
[2021-01-15 15:54:35,197] TRACE [Controller id=0] Checking need to trigger auto leader balancing (kafka.controller.KafkaController)
[2021-01-15 15:54:35,197] DEBUG [Controller id=0] Topics not in preferred replica for broker 0 HashMap() (kafka.controller.KafkaController)
[2021-01-15 15:54:35,197] TRACE [Controller id=0] Leader imbalance ratio for broker 0 is 0.0 (kafka.controller.KafkaController)
[2021-01-15 15:59:35,206] INFO [Controller id=0] Processing automatic preferred replica leader election (kafka.controller.KafkaController)
[2021-01-15 15:59:35,207] TRACE [Controller id=0] Checking need to trigger auto leader balancing (kafka.controller.KafkaController)
[2021-01-15 15:59:35,208] DEBUG [Controller id=0] Topics not in preferred replica for broker 0 HashMap() (kafka.controller.KafkaController)
[2021-01-15 15:59:35,208] TRACE [Controller id=0] Leader imbalance ratio for broker 0 is 0.0 (kafka.controller.KafkaController)
[2021-01-15 16:04:35,211] INFO [Controller id=0] Processing automatic preferred replica leader election (kafka.controller.KafkaController)
[2021-01-15 16:04:35,212] TRACE [Controller id=0] Checking need to trigger auto leader balancing (kafka.controller.KafkaController)
[2021-01-15 16:04:35,213] DEBUG [Controller id=0] Topics not in preferred replica for broker 0 HashMap() (kafka.controller.KafkaController)
[2021-01-15 16:04:35,213] TRACE [Controller id=0] Leader imbalance ratio for broker 0 is 0.0 (kafka.controller.KafkaController)
[2021-01-15 16:09:35,220] INFO [Controller id=0] Processing automatic preferred replica leader election (kafka.controller.KafkaController)
[2021-01-15 16:09:35,220] TRACE [Controller id=0] Checking need to trigger auto leader balancing (kafka.controller.KafkaController)
[2021-01-15 16:09:35,220] DEBUG [Controller id=0] Topics not in preferred replica for broker 0 HashMap() (kafka.controller.KafkaController)
[2021-01-15 16:09:35,220] TRACE [Controller id=0] Leader imbalance ratio for broker 0 is 0.0 (kafka.controller.KafkaController)
[2021-01-15 16:14:35,235] INFO [Controller id=0] Processing automatic preferred replica leader election (kafka.controller.KafkaController)
[2021-01-15 16:14:35,235] TRACE [Controller id=0] Checking need to trigger auto leader balancing (kafka.controller.KafkaController)
[2021-01-15 16:14:35,235] DEBUG [Controller id=0] Topics not in preferred replica for broker 0 HashMap() (kafka.controller.KafkaController)
[2021-01-15 16:14:35,235] TRACE [Controller id=0] Leader imbalance ratio for broker 0 is 0.0 (kafka.controller.KafkaController)
[2021-01-15 16:17:49,535] INFO [Controller id=0] New topics: [HashSet(ca16b2ea27ad9d5572df3c70592d0c61, 0c1a20aa5318ac014fccd8e7f1713bf1, b0d6448fc4f78d0e9049b5df5c8066a2, 2e30e849b3513f0df5868bde3973731a)], deleted topics: [HashSet()], new partition replica assignment [Map(ca16b2ea27ad9d5572df3c70592d0c61-0 -> ReplicaAssignment(replicas=0, addingReplicas=, removingReplicas=), b0d6448fc4f78d0e9049b5df5c8066a2-0 -> ReplicaAssignment(replicas=0, addingReplicas=, removingReplicas=), 2e30e849b3513f0df5868bde3973731a-0 -> ReplicaAssignment(replicas=0, addingReplicas=, removingReplicas=), 0c1a20aa5318ac014fccd8e7f1713bf1-0 -> ReplicaAssignment(replicas=0, addingReplicas=, removingReplicas=))] (kafka.controller.KafkaController)
[2021-01-15 16:17:49,535] INFO [Controller id=0] New partition creation callback for ca16b2ea27ad9d5572df3c70592d0c61-0,b0d6448fc4f78d0e9049b5df5c8066a2-0,2e30e849b3513f0df5868bde3973731a-0,0c1a20aa5318ac014fccd8e7f1713bf1-0 (kafka.controller.KafkaController)
[2021-01-15 16:17:49,550] INFO [RequestSendThread controllerId=0] Controller 0 connected to DESKTOP-VTN6HU4:9092 (id: 0 rack: null) for sending state change requests (kafka.controller.RequestSendThread)
[2021-01-15 16:19:35,245] INFO [Controller id=0] Processing automatic preferred replica leader election (kafka.controller.KafkaController)
[2021-01-15 16:19:35,245] TRACE [Controller id=0] Checking need to trigger auto leader balancing (kafka.controller.KafkaController)
[2021-01-15 16:19:35,245] DEBUG [Controller id=0] Topics not in preferred replica for broker 0 HashMap() (kafka.controller.KafkaController)
[2021-01-15 16:19:35,245] TRACE [Controller id=0] Leader imbalance ratio for broker 0 is 0.0 (kafka.controller.KafkaController)
[2021-01-15 16:24:35,287] INFO [Controller id=0] Processing automatic preferred replica leader election (kafka.controller.KafkaController)
[2021-01-15 16:24:35,287] TRACE [Controller id=0] Checking need to trigger auto leader balancing (kafka.controller.KafkaController)
[2021-01-15 16:24:35,291] DEBUG [Controller id=0] Topics not in preferred replica for broker 0 HashMap() (kafka.controller.KafkaController)
[2021-01-15 16:24:35,291] TRACE [Controller id=0] Leader imbalance ratio for broker 0 is 0.0 (kafka.controller.KafkaController)
[2021-01-15 16:25:55,529] INFO [Controller id=0] New topics: [HashSet(23e39be3ccdb2172fccc023e23e92966, a2704e09339e6a426f22a904d7f7db4b, b8983c95bb6262a4bdf39d7904dd7b63, d0eaf333a42f748c81d1822d4b4cde69)], deleted topics: [HashSet()], new partition replica assignment [Map(a2704e09339e6a426f22a904d7f7db4b-0 -> ReplicaAssignment(replicas=0, addingReplicas=, removingReplicas=), d0eaf333a42f748c81d1822d4b4cde69-0 -> ReplicaAssignment(replicas=0, addingReplicas=, removingReplicas=), 23e39be3ccdb2172fccc023e23e92966-0 -> ReplicaAssignment(replicas=0, addingReplicas=, removingReplicas=), b8983c95bb6262a4bdf39d7904dd7b63-0 -> ReplicaAssignment(replicas=0, addingReplicas=, removingReplicas=))] (kafka.controller.KafkaController)
[2021-01-15 16:25:55,529] INFO [Controller id=0] New partition creation callback for a2704e09339e6a426f22a904d7f7db4b-0,d0eaf333a42f748c81d1822d4b4cde69-0,23e39be3ccdb2172fccc023e23e92966-0,b8983c95bb6262a4bdf39d7904dd7b63-0 (kafka.controller.KafkaController)
[2021-01-15 16:27:30,091] INFO [Controller id=0] New topics: [HashSet(c0cb3bef43ade10c8f45c20072907ce7, 2a1fe0c1efe31adeb2d3dd0902144cb3, 4c1ee0c69f7e0dedaae212f0f6760e53, cd6e4e86ba13186100343635ab648d75)], deleted topics: [HashSet()], new partition replica assignment [Map(4c1ee0c69f7e0dedaae212f0f6760e53-0 -> ReplicaAssignment(replicas=0, addingReplicas=, removingReplicas=), cd6e4e86ba13186100343635ab648d75-0 -> ReplicaAssignment(replicas=0, addingReplicas=, removingReplicas=), 2a1fe0c1efe31adeb2d3dd0902144cb3-0 -> ReplicaAssignment(replicas=0, addingReplicas=, removingReplicas=), c0cb3bef43ade10c8f45c20072907ce7-0 -> ReplicaAssignment(replicas=0, addingReplicas=, removingReplicas=))] (kafka.controller.KafkaController)
[2021-01-15 16:27:30,092] INFO [Controller id=0] New partition creation callback for 4c1ee0c69f7e0dedaae212f0f6760e53-0,cd6e4e86ba13186100343635ab648d75-0,2a1fe0c1efe31adeb2d3dd0902144cb3-0,c0cb3bef43ade10c8f45c20072907ce7-0 (kafka.controller.KafkaController)
[2021-01-15 16:28:03,766] INFO [Controller id=0] New topics: [HashSet(fd171e84e8a76320b40a5e85b569db55, 1e371fa8db14a999b3e6ca2044c486c1, 7fd6a82c8648843e974a71831487dd03, c21db4b06acf0b8dc156221917d3eb57)], deleted topics: [HashSet()], new partition replica assignment [Map(7fd6a82c8648843e974a71831487dd03-0 -> ReplicaAssignment(replicas=0, addingReplicas=, removingReplicas=), c21db4b06acf0b8dc156221917d3eb57-0 -> ReplicaAssignment(replicas=0, addingReplicas=, removingReplicas=), fd171e84e8a76320b40a5e85b569db55-0 -> ReplicaAssignment(replicas=0, addingReplicas=, removingReplicas=), 1e371fa8db14a999b3e6ca2044c486c1-0 -> ReplicaAssignment(replicas=0, addingReplicas=, removingReplicas=))] (kafka.controller.KafkaController)
[2021-01-15 16:28:03,766] INFO [Controller id=0] New partition creation callback for 7fd6a82c8648843e974a71831487dd03-0,c21db4b06acf0b8dc156221917d3eb57-0,fd171e84e8a76320b40a5e85b569db55-0,1e371fa8db14a999b3e6ca2044c486c1-0 (kafka.controller.KafkaController)
[2021-01-15 16:29:03,343] INFO [Controller id=0] New topics: [HashSet(3eda38eefd2880e6dfa419aebf4f68c5, b600a9391e448d38603f45507e5928ad, 186c17714bf47b8ae60ee7cda141b6d6, 68b9e3753f2ac0c068166c020652e00b)], deleted topics: [HashSet()], new partition replica assignment [Map(186c17714bf47b8ae60ee7cda141b6d6-0 -> ReplicaAssignment(replicas=0, addingReplicas=, removingReplicas=), 68b9e3753f2ac0c068166c020652e00b-0 -> ReplicaAssignment(replicas=0, addingReplicas=, removingReplicas=), b600a9391e448d38603f45507e5928ad-0 -> ReplicaAssignment(replicas=0, addingReplicas=, removingReplicas=), 3eda38eefd2880e6dfa419aebf4f68c5-0 -> ReplicaAssignment(replicas=0, addingReplicas=, removingReplicas=))] (kafka.controller.KafkaController)
[2021-01-15 16:29:03,343] INFO [Controller id=0] New partition creation callback for 186c17714bf47b8ae60ee7cda141b6d6-0,68b9e3753f2ac0c068166c020652e00b-0,b600a9391e448d38603f45507e5928ad-0,3eda38eefd2880e6dfa419aebf4f68c5-0 (kafka.controller.KafkaController)
[2021-01-15 16:29:35,301] INFO [Controller id=0] Processing automatic preferred replica leader election (kafka.controller.KafkaController)
[2021-01-15 16:29:35,301] TRACE [Controller id=0] Checking need to trigger auto leader balancing (kafka.controller.KafkaController)
[2021-01-15 16:29:35,301] DEBUG [Controller id=0] Topics not in preferred replica for broker 0 HashMap() (kafka.controller.KafkaController)
[2021-01-15 16:29:35,301] TRACE [Controller id=0] Leader imbalance ratio for broker 0 is 0.0 (kafka.controller.KafkaController)
[2021-01-15 16:30:01,918] INFO [Controller id=0] New topics: [HashSet(6bb820faf37706e225f3709f057e6e93, 28d0b25437e964dd566758fe4efe960a, bd8eeb2d9ab0272c88ca045d8de6609f, 53e523f115b81dc8d7776d220ed3beeb)], deleted topics: [HashSet()], new partition replica assignment [Map(53e523f115b81dc8d7776d220ed3beeb-0 -> ReplicaAssignment(replicas=0, addingReplicas=, removingReplicas=), bd8eeb2d9ab0272c88ca045d8de6609f-0 -> ReplicaAssignment(replicas=0, addingReplicas=, removingReplicas=), 28d0b25437e964dd566758fe4efe960a-0 -> ReplicaAssignment(replicas=0, addingReplicas=, removingReplicas=), 6bb820faf37706e225f3709f057e6e93-0 -> ReplicaAssignment(replicas=0, addingReplicas=, removingReplicas=))] (kafka.controller.KafkaController)
[2021-01-15 16:30:01,918] INFO [Controller id=0] New partition creation callback for 53e523f115b81dc8d7776d220ed3beeb-0,bd8eeb2d9ab0272c88ca045d8de6609f-0,28d0b25437e964dd566758fe4efe960a-0,6bb820faf37706e225f3709f057e6e93-0 (kafka.controller.KafkaController)
[2021-01-15 16:34:35,314] INFO [Controller id=0] Processing automatic preferred replica leader election (kafka.controller.KafkaController)
[2021-01-15 16:34:35,314] TRACE [Controller id=0] Checking need to trigger auto leader balancing (kafka.controller.KafkaController)
[2021-01-15 16:34:35,314] DEBUG [Controller id=0] Topics not in preferred replica for broker 0 HashMap() (kafka.controller.KafkaController)
[2021-01-15 16:34:35,314] TRACE [Controller id=0] Leader imbalance ratio for broker 0 is 0.0 (kafka.controller.KafkaController)
[2021-01-15 16:37:39,652] INFO [Controller id=0] New topics: [HashSet(a86dccfe9a44c2c40ceee34fd1998c11, d7a073be38cd1408b69c97950edeea22, d5ce7e1051ed737e4af47dcf900ae350, 938c14d8203a61c6e36c1cb84b13012b)], deleted topics: [HashSet()], new partition replica assignment [Map(a86dccfe9a44c2c40ceee34fd1998c11-0 -> ReplicaAssignment(replicas=0, addingReplicas=, removingReplicas=), d7a073be38cd1408b69c97950edeea22-0 -> ReplicaAssignment(replicas=0, addingReplicas=, removingReplicas=), d5ce7e1051ed737e4af47dcf900ae350-0 -> ReplicaAssignment(replicas=0, addingReplicas=, removingReplicas=), 938c14d8203a61c6e36c1cb84b13012b-0 -> ReplicaAssignment(replicas=0, addingReplicas=, removingReplicas=))] (kafka.controller.KafkaController)
[2021-01-15 16:37:39,652] INFO [Controller id=0] New partition creation callback for a86dccfe9a44c2c40ceee34fd1998c11-0,d7a073be38cd1408b69c97950edeea22-0,d5ce7e1051ed737e4af47dcf900ae350-0,938c14d8203a61c6e36c1cb84b13012b-0 (kafka.controller.KafkaController)
[2021-01-15 16:39:35,317] INFO [Controller id=0] Processing automatic preferred replica leader election (kafka.controller.KafkaController)
[2021-01-15 16:39:35,317] TRACE [Controller id=0] Checking need to trigger auto leader balancing (kafka.controller.KafkaController)
[2021-01-15 16:39:35,317] DEBUG [Controller id=0] Topics not in preferred replica for broker 0 HashMap() (kafka.controller.KafkaController)
[2021-01-15 16:39:35,317] TRACE [Controller id=0] Leader imbalance ratio for broker 0 is 0.0 (kafka.controller.KafkaController)
[2021-01-15 16:40:22,665] INFO [Controller id=0] New topics: [HashSet(28cad99ba8cb0fd7f22b435fc7b29107)], deleted topics: [HashSet()], new partition replica assignment [Map(28cad99ba8cb0fd7f22b435fc7b29107-0 -> ReplicaAssignment(replicas=0, addingReplicas=, removingReplicas=))] (kafka.controller.KafkaController)
[2021-01-15 16:40:22,665] INFO [Controller id=0] New partition creation callback for 28cad99ba8cb0fd7f22b435fc7b29107-0 (kafka.controller.KafkaController)
[2021-01-15 16:40:22,680] INFO [Controller id=0] New topics: [HashSet(63f6aef362bb1c2f408cf852ef05453d, 6583fa03780092c8a39391a93ec8fbe1)], deleted topics: [HashSet()], new partition replica assignment [Map(6583fa03780092c8a39391a93ec8fbe1-0 -> ReplicaAssignment(replicas=0, addingReplicas=, removingReplicas=), 63f6aef362bb1c2f408cf852ef05453d-0 -> ReplicaAssignment(replicas=0, addingReplicas=, removingReplicas=))] (kafka.controller.KafkaController)
[2021-01-15 16:40:22,681] INFO [Controller id=0] New partition creation callback for 6583fa03780092c8a39391a93ec8fbe1-0,63f6aef362bb1c2f408cf852ef05453d-0 (kafka.controller.KafkaController)
[2021-01-15 16:40:22,696] INFO [Controller id=0] New topics: [HashSet(69063e41c619868302518326434920c0)], deleted topics: [HashSet()], new partition replica assignment [Map(69063e41c619868302518326434920c0-0 -> ReplicaAssignment(replicas=0, addingReplicas=, removingReplicas=))] (kafka.controller.KafkaController)
[2021-01-15 16:40:22,696] INFO [Controller id=0] New partition creation callback for 69063e41c619868302518326434920c0-0 (kafka.controller.KafkaController)
[2021-01-15 16:40:53,301] INFO [Controller id=0] New topics: [HashSet(d281fe5fcef8713a7353b34e444baf82, eefa83480567f5122f69c981cf3219ef)], deleted topics: [HashSet()], new partition replica assignment [Map(eefa83480567f5122f69c981cf3219ef-0 -> ReplicaAssignment(replicas=0, addingReplicas=, removingReplicas=), d281fe5fcef8713a7353b34e444baf82-0 -> ReplicaAssignment(replicas=0, addingReplicas=, removingReplicas=))] (kafka.controller.KafkaController)
[2021-01-15 16:40:53,301] INFO [Controller id=0] New partition creation callback for eefa83480567f5122f69c981cf3219ef-0,d281fe5fcef8713a7353b34e444baf82-0 (kafka.controller.KafkaController)
[2021-01-15 16:40:53,336] INFO [Controller id=0] New topics: [HashSet(8a993d7c466840efec142e1fb74b80af, c9db09865ff9f2df875c32a349879996)], deleted topics: [HashSet()], new partition replica assignment [Map(c9db09865ff9f2df875c32a349879996-0 -> ReplicaAssignment(replicas=0, addingReplicas=, removingReplicas=), 8a993d7c466840efec142e1fb74b80af-0 -> ReplicaAssignment(replicas=0, addingReplicas=, removingReplicas=))] (kafka.controller.KafkaController)
[2021-01-15 16:40:53,336] INFO [Controller id=0] New partition creation callback for c9db09865ff9f2df875c32a349879996-0,8a993d7c466840efec142e1fb74b80af-0 (kafka.controller.KafkaController)
[2021-01-15 16:44:35,327] INFO [Controller id=0] Processing automatic preferred replica leader election (kafka.controller.KafkaController)
[2021-01-15 16:44:35,327] TRACE [Controller id=0] Checking need to trigger auto leader balancing (kafka.controller.KafkaController)
[2021-01-15 16:44:35,327] DEBUG [Controller id=0] Topics not in preferred replica for broker 0 HashMap() (kafka.controller.KafkaController)
[2021-01-15 16:44:35,327] TRACE [Controller id=0] Leader imbalance ratio for broker 0 is 0.0 (kafka.controller.KafkaController)
[2021-01-15 16:49:35,342] INFO [Controller id=0] Processing automatic preferred replica leader election (kafka.controller.KafkaController)
[2021-01-15 16:49:35,342] TRACE [Controller id=0] Checking need to trigger auto leader balancing (kafka.controller.KafkaController)
[2021-01-15 16:49:35,342] DEBUG [Controller id=0] Topics not in preferred replica for broker 0 HashMap() (kafka.controller.KafkaController)
[2021-01-15 16:49:35,342] TRACE [Controller id=0] Leader imbalance ratio for broker 0 is 0.0 (kafka.controller.KafkaController)
[2021-01-15 16:54:35,351] INFO [Controller id=0] Processing automatic preferred replica leader election (kafka.controller.KafkaController)
[2021-01-15 16:54:35,352] TRACE [Controller id=0] Checking need to trigger auto leader balancing (kafka.controller.KafkaController)
[2021-01-15 16:54:35,353] DEBUG [Controller id=0] Topics not in preferred replica for broker 0 HashMap() (kafka.controller.KafkaController)
[2021-01-15 16:54:35,353] TRACE [Controller id=0] Leader imbalance ratio for broker 0 is 0.0 (kafka.controller.KafkaController)
[2021-01-15 16:59:35,363] INFO [Controller id=0] Processing automatic preferred replica leader election (kafka.controller.KafkaController)
[2021-01-15 16:59:35,364] TRACE [Controller id=0] Checking need to trigger auto leader balancing (kafka.controller.KafkaController)
[2021-01-15 16:59:35,365] DEBUG [Controller id=0] Topics not in preferred replica for broker 0 HashMap() (kafka.controller.KafkaController)
[2021-01-15 16:59:35,365] TRACE [Controller id=0] Leader imbalance ratio for broker 0 is 0.0 (kafka.controller.KafkaController)
[2021-01-15 17:04:35,374] INFO [Controller id=0] Processing automatic preferred replica leader election (kafka.controller.KafkaController)
[2021-01-15 17:04:35,378] TRACE [Controller id=0] Checking need to trigger auto leader balancing (kafka.controller.KafkaController)
[2021-01-15 17:04:35,379] DEBUG [Controller id=0] Topics not in preferred replica for broker 0 HashMap() (kafka.controller.KafkaController)
[2021-01-15 17:04:35,379] TRACE [Controller id=0] Leader imbalance ratio for broker 0 is 0.0 (kafka.controller.KafkaController)
[2021-01-15 17:09:35,383] INFO [Controller id=0] Processing automatic preferred replica leader election (kafka.controller.KafkaController)
[2021-01-15 17:09:35,383] TRACE [Controller id=0] Checking need to trigger auto leader balancing (kafka.controller.KafkaController)
[2021-01-15 17:09:35,385] DEBUG [Controller id=0] Topics not in preferred replica for broker 0 HashMap() (kafka.controller.KafkaController)
[2021-01-15 17:09:35,385] TRACE [Controller id=0] Leader imbalance ratio for broker 0 is 0.0 (kafka.controller.KafkaController)
[2021-01-15 17:14:35,390] INFO [Controller id=0] Processing automatic preferred replica leader election (kafka.controller.KafkaController)
[2021-01-15 17:14:35,390] TRACE [Controller id=0] Checking need to trigger auto leader balancing (kafka.controller.KafkaController)
[2021-01-15 17:14:35,391] DEBUG [Controller id=0] Topics not in preferred replica for broker 0 HashMap() (kafka.controller.KafkaController)
[2021-01-15 17:14:35,391] TRACE [Controller id=0] Leader imbalance ratio for broker 0 is 0.0 (kafka.controller.KafkaController)
[2021-01-15 17:19:35,395] INFO [Controller id=0] Processing automatic preferred replica leader election (kafka.controller.KafkaController)
[2021-01-15 17:19:35,395] TRACE [Controller id=0] Checking need to trigger auto leader balancing (kafka.controller.KafkaController)
[2021-01-15 17:19:35,397] DEBUG [Controller id=0] Topics not in preferred replica for broker 0 HashMap() (kafka.controller.KafkaController)
[2021-01-15 17:19:35,397] TRACE [Controller id=0] Leader imbalance ratio for broker 0 is 0.0 (kafka.controller.KafkaController)
[2021-01-15 17:24:35,412] INFO [Controller id=0] Processing automatic preferred replica leader election (kafka.controller.KafkaController)
[2021-01-15 17:24:35,412] TRACE [Controller id=0] Checking need to trigger auto leader balancing (kafka.controller.KafkaController)
[2021-01-15 17:24:35,412] DEBUG [Controller id=0] Topics not in preferred replica for broker 0 HashMap() (kafka.controller.KafkaController)
[2021-01-15 17:24:35,412] TRACE [Controller id=0] Leader imbalance ratio for broker 0 is 0.0 (kafka.controller.KafkaController)
[2021-01-15 17:29:35,419] INFO [Controller id=0] Processing automatic preferred replica leader election (kafka.controller.KafkaController)
[2021-01-15 17:29:35,419] TRACE [Controller id=0] Checking need to trigger auto leader balancing (kafka.controller.KafkaController)
[2021-01-15 17:29:35,420] DEBUG [Controller id=0] Topics not in preferred replica for broker 0 HashMap() (kafka.controller.KafkaController)
[2021-01-15 17:29:35,421] TRACE [Controller id=0] Leader imbalance ratio for broker 0 is 0.0 (kafka.controller.KafkaController)
[2021-01-15 17:34:35,429] INFO [Controller id=0] Processing automatic preferred replica leader election (kafka.controller.KafkaController)
[2021-01-15 17:34:35,429] TRACE [Controller id=0] Checking need to trigger auto leader balancing (kafka.controller.KafkaController)
[2021-01-15 17:34:35,431] DEBUG [Controller id=0] Topics not in preferred replica for broker 0 HashMap() (kafka.controller.KafkaController)
[2021-01-15 17:34:35,431] TRACE [Controller id=0] Leader imbalance ratio for broker 0 is 0.0 (kafka.controller.KafkaController)
[2021-01-15 17:39:35,432] INFO [Controller id=0] Processing automatic preferred replica leader election (kafka.controller.KafkaController)
[2021-01-15 17:39:35,432] TRACE [Controller id=0] Checking need to trigger auto leader balancing (kafka.controller.KafkaController)
[2021-01-15 17:39:35,433] DEBUG [Controller id=0] Topics not in preferred replica for broker 0 HashMap() (kafka.controller.KafkaController)
[2021-01-15 17:39:35,434] TRACE [Controller id=0] Leader imbalance ratio for broker 0 is 0.0 (kafka.controller.KafkaController)
[2021-01-15 17:44:35,436] INFO [Controller id=0] Processing automatic preferred replica leader election (kafka.controller.KafkaController)
[2021-01-15 17:44:35,436] TRACE [Controller id=0] Checking need to trigger auto leader balancing (kafka.controller.KafkaController)
[2021-01-15 17:44:35,437] DEBUG [Controller id=0] Topics not in preferred replica for broker 0 HashMap() (kafka.controller.KafkaController)
[2021-01-15 17:44:35,437] TRACE [Controller id=0] Leader imbalance ratio for broker 0 is 0.0 (kafka.controller.KafkaController)
[2021-01-15 17:49:35,449] INFO [Controller id=0] Processing automatic preferred replica leader election (kafka.controller.KafkaController)
[2021-01-15 17:49:35,449] TRACE [Controller id=0] Checking need to trigger auto leader balancing (kafka.controller.KafkaController)
[2021-01-15 17:49:35,450] DEBUG [Controller id=0] Topics not in preferred replica for broker 0 HashMap() (kafka.controller.KafkaController)
[2021-01-15 17:49:35,451] TRACE [Controller id=0] Leader imbalance ratio for broker 0 is 0.0 (kafka.controller.KafkaController)
[2021-01-15 17:54:35,464] INFO [Controller id=0] Processing automatic preferred replica leader election (kafka.controller.KafkaController)
[2021-01-15 17:54:35,464] TRACE [Controller id=0] Checking need to trigger auto leader balancing (kafka.controller.KafkaController)
[2021-01-15 17:54:35,465] DEBUG [Controller id=0] Topics not in preferred replica for broker 0 HashMap() (kafka.controller.KafkaController)
[2021-01-15 17:54:35,466] TRACE [Controller id=0] Leader imbalance ratio for broker 0 is 0.0 (kafka.controller.KafkaController)
[2021-01-15 17:59:35,467] INFO [Controller id=0] Processing automatic preferred replica leader election (kafka.controller.KafkaController)
[2021-01-15 17:59:35,467] TRACE [Controller id=0] Checking need to trigger auto leader balancing (kafka.controller.KafkaController)
[2021-01-15 17:59:35,469] DEBUG [Controller id=0] Topics not in preferred replica for broker 0 HashMap() (kafka.controller.KafkaController)
[2021-01-15 17:59:35,469] TRACE [Controller id=0] Leader imbalance ratio for broker 0 is 0.0 (kafka.controller.KafkaController)
[2021-01-15 18:04:35,471] INFO [Controller id=0] Processing automatic preferred replica leader election (kafka.controller.KafkaController)
[2021-01-15 18:04:35,474] TRACE [Controller id=0] Checking need to trigger auto leader balancing (kafka.controller.KafkaController)
[2021-01-15 18:04:35,475] DEBUG [Controller id=0] Topics not in preferred replica for broker 0 HashMap() (kafka.controller.KafkaController)
[2021-01-15 18:04:35,475] TRACE [Controller id=0] Leader imbalance ratio for broker 0 is 0.0 (kafka.controller.KafkaController)
[2021-01-15 18:09:35,490] INFO [Controller id=0] Processing automatic preferred replica leader election (kafka.controller.KafkaController)
[2021-01-15 18:09:35,490] TRACE [Controller id=0] Checking need to trigger auto leader balancing (kafka.controller.KafkaController)
[2021-01-15 18:09:35,491] DEBUG [Controller id=0] Topics not in preferred replica for broker 0 HashMap() (kafka.controller.KafkaController)
[2021-01-15 18:09:35,492] TRACE [Controller id=0] Leader imbalance ratio for broker 0 is 0.0 (kafka.controller.KafkaController)
[2021-01-15 18:14:35,498] INFO [Controller id=0] Processing automatic preferred replica leader election (kafka.controller.KafkaController)
[2021-01-15 18:14:35,498] TRACE [Controller id=0] Checking need to trigger auto leader balancing (kafka.controller.KafkaController)
[2021-01-15 18:14:35,500] DEBUG [Controller id=0] Topics not in preferred replica for broker 0 HashMap() (kafka.controller.KafkaController)
[2021-01-15 18:14:35,500] TRACE [Controller id=0] Leader imbalance ratio for broker 0 is 0.0 (kafka.controller.KafkaController)
[2021-01-15 18:19:35,506] INFO [Controller id=0] Processing automatic preferred replica leader election (kafka.controller.KafkaController)
[2021-01-15 18:19:35,506] TRACE [Controller id=0] Checking need to trigger auto leader balancing (kafka.controller.KafkaController)
[2021-01-15 18:19:35,507] DEBUG [Controller id=0] Topics not in preferred replica for broker 0 HashMap() (kafka.controller.KafkaController)
[2021-01-15 18:19:35,507] TRACE [Controller id=0] Leader imbalance ratio for broker 0 is 0.0 (kafka.controller.KafkaController)
[2021-01-15 18:24:35,523] INFO [Controller id=0] Processing automatic preferred replica leader election (kafka.controller.KafkaController)
[2021-01-15 18:24:35,523] TRACE [Controller id=0] Checking need to trigger auto leader balancing (kafka.controller.KafkaController)
[2021-01-15 18:24:35,523] DEBUG [Controller id=0] Topics not in preferred replica for broker 0 HashMap() (kafka.controller.KafkaController)
[2021-01-15 18:24:35,523] TRACE [Controller id=0] Leader imbalance ratio for broker 0 is 0.0 (kafka.controller.KafkaController)
[2021-01-15 18:29:35,528] INFO [Controller id=0] Processing automatic preferred replica leader election (kafka.controller.KafkaController)
[2021-01-15 18:29:35,528] TRACE [Controller id=0] Checking need to trigger auto leader balancing (kafka.controller.KafkaController)
[2021-01-15 18:29:35,528] DEBUG [Controller id=0] Topics not in preferred replica for broker 0 HashMap() (kafka.controller.KafkaController)
[2021-01-15 18:29:35,528] TRACE [Controller id=0] Leader imbalance ratio for broker 0 is 0.0 (kafka.controller.KafkaController)
[2021-01-15 18:34:35,532] INFO [Controller id=0] Processing automatic preferred replica leader election (kafka.controller.KafkaController)
[2021-01-15 18:34:35,532] TRACE [Controller id=0] Checking need to trigger auto leader balancing (kafka.controller.KafkaController)
[2021-01-15 18:34:35,532] DEBUG [Controller id=0] Topics not in preferred replica for broker 0 HashMap() (kafka.controller.KafkaController)
[2021-01-15 18:34:35,532] TRACE [Controller id=0] Leader imbalance ratio for broker 0 is 0.0 (kafka.controller.KafkaController)
[2021-01-15 18:39:35,538] INFO [Controller id=0] Processing automatic preferred replica leader election (kafka.controller.KafkaController)
[2021-01-15 18:39:35,538] TRACE [Controller id=0] Checking need to trigger auto leader balancing (kafka.controller.KafkaController)
[2021-01-15 18:39:35,540] DEBUG [Controller id=0] Topics not in preferred replica for broker 0 HashMap() (kafka.controller.KafkaController)
[2021-01-15 18:39:35,540] TRACE [Controller id=0] Leader imbalance ratio for broker 0 is 0.0 (kafka.controller.KafkaController)
[2021-01-15 18:44:35,548] INFO [Controller id=0] Processing automatic preferred replica leader election (kafka.controller.KafkaController)
[2021-01-15 18:44:35,548] TRACE [Controller id=0] Checking need to trigger auto leader balancing (kafka.controller.KafkaController)
[2021-01-15 18:44:35,549] DEBUG [Controller id=0] Topics not in preferred replica for broker 0 HashMap() (kafka.controller.KafkaController)
[2021-01-15 18:44:35,549] TRACE [Controller id=0] Leader imbalance ratio for broker 0 is 0.0 (kafka.controller.KafkaController)
[2021-01-15 18:49:35,559] INFO [Controller id=0] Processing automatic preferred replica leader election (kafka.controller.KafkaController)
[2021-01-15 18:49:35,560] TRACE [Controller id=0] Checking need to trigger auto leader balancing (kafka.controller.KafkaController)
[2021-01-15 18:49:35,561] DEBUG [Controller id=0] Topics not in preferred replica for broker 0 HashMap() (kafka.controller.KafkaController)
[2021-01-15 18:49:35,561] TRACE [Controller id=0] Leader imbalance ratio for broker 0 is 0.0 (kafka.controller.KafkaController)
[2021-01-15 18:54:35,575] INFO [Controller id=0] Processing automatic preferred replica leader election (kafka.controller.KafkaController)
[2021-01-15 18:54:35,575] TRACE [Controller id=0] Checking need to trigger auto leader balancing (kafka.controller.KafkaController)
[2021-01-15 18:54:35,577] DEBUG [Controller id=0] Topics not in preferred replica for broker 0 HashMap() (kafka.controller.KafkaController)
[2021-01-15 18:54:35,577] TRACE [Controller id=0] Leader imbalance ratio for broker 0 is 0.0 (kafka.controller.KafkaController)
[2021-01-15 18:59:35,589] INFO [Controller id=0] Processing automatic preferred replica leader election (kafka.controller.KafkaController)
[2021-01-15 18:59:35,590] TRACE [Controller id=0] Checking need to trigger auto leader balancing (kafka.controller.KafkaController)
[2021-01-15 18:59:35,591] DEBUG [Controller id=0] Topics not in preferred replica for broker 0 HashMap() (kafka.controller.KafkaController)
[2021-01-15 18:59:35,592] TRACE [Controller id=0] Leader imbalance ratio for broker 0 is 0.0 (kafka.controller.KafkaController)
[2021-01-15 19:04:35,602] INFO [Controller id=0] Processing automatic preferred replica leader election (kafka.controller.KafkaController)
[2021-01-15 19:04:35,603] TRACE [Controller id=0] Checking need to trigger auto leader balancing (kafka.controller.KafkaController)
[2021-01-15 19:04:35,603] DEBUG [Controller id=0] Topics not in preferred replica for broker 0 HashMap() (kafka.controller.KafkaController)
[2021-01-15 19:04:35,603] TRACE [Controller id=0] Leader imbalance ratio for broker 0 is 0.0 (kafka.controller.KafkaController)
[2021-01-15 19:09:37,260] INFO [Controller id=0] Processing automatic preferred replica leader election (kafka.controller.KafkaController)
[2021-01-15 19:09:37,260] TRACE [Controller id=0] Checking need to trigger auto leader balancing (kafka.controller.KafkaController)
[2021-01-15 19:09:37,261] DEBUG [Controller id=0] Topics not in preferred replica for broker 0 HashMap() (kafka.controller.KafkaController)
[2021-01-15 19:09:37,261] TRACE [Controller id=0] Leader imbalance ratio for broker 0 is 0.0 (kafka.controller.KafkaController)
[2021-01-15 19:14:37,267] INFO [Controller id=0] Processing automatic preferred replica leader election (kafka.controller.KafkaController)
[2021-01-15 19:14:37,267] TRACE [Controller id=0] Checking need to trigger auto leader balancing (kafka.controller.KafkaController)
[2021-01-15 19:14:37,267] DEBUG [Controller id=0] Topics not in preferred replica for broker 0 HashMap() (kafka.controller.KafkaController)
[2021-01-15 19:14:37,268] TRACE [Controller id=0] Leader imbalance ratio for broker 0 is 0.0 (kafka.controller.KafkaController)
[2021-01-15 19:19:37,276] INFO [Controller id=0] Processing automatic preferred replica leader election (kafka.controller.KafkaController)
[2021-01-15 19:19:37,276] TRACE [Controller id=0] Checking need to trigger auto leader balancing (kafka.controller.KafkaController)
[2021-01-15 19:19:37,276] DEBUG [Controller id=0] Topics not in preferred replica for broker 0 HashMap() (kafka.controller.KafkaController)
[2021-01-15 19:19:37,276] TRACE [Controller id=0] Leader imbalance ratio for broker 0 is 0.0 (kafka.controller.KafkaController)
[2021-01-15 19:24:37,288] INFO [Controller id=0] Processing automatic preferred replica leader election (kafka.controller.KafkaController)
[2021-01-15 19:24:37,288] TRACE [Controller id=0] Checking need to trigger auto leader balancing (kafka.controller.KafkaController)
[2021-01-15 19:24:37,288] DEBUG [Controller id=0] Topics not in preferred replica for broker 0 HashMap() (kafka.controller.KafkaController)
[2021-01-15 19:24:37,288] TRACE [Controller id=0] Leader imbalance ratio for broker 0 is 0.0 (kafka.controller.KafkaController)
[2021-01-15 19:29:37,302] INFO [Controller id=0] Processing automatic preferred replica leader election (kafka.controller.KafkaController)
[2021-01-15 19:29:37,302] TRACE [Controller id=0] Checking need to trigger auto leader balancing (kafka.controller.KafkaController)
[2021-01-15 19:29:37,302] DEBUG [Controller id=0] Topics not in preferred replica for broker 0 HashMap() (kafka.controller.KafkaController)
[2021-01-15 19:29:37,302] TRACE [Controller id=0] Leader imbalance ratio for broker 0 is 0.0 (kafka.controller.KafkaController)
[2021-01-15 19:34:37,316] INFO [Controller id=0] Processing automatic preferred replica leader election (kafka.controller.KafkaController)
[2021-01-15 19:34:37,316] TRACE [Controller id=0] Checking need to trigger auto leader balancing (kafka.controller.KafkaController)
[2021-01-15 19:34:37,317] DEBUG [Controller id=0] Topics not in preferred replica for broker 0 HashMap() (kafka.controller.KafkaController)
[2021-01-15 19:34:37,317] TRACE [Controller id=0] Leader imbalance ratio for broker 0 is 0.0 (kafka.controller.KafkaController)
[2021-01-15 19:39:37,320] INFO [Controller id=0] Processing automatic preferred replica leader election (kafka.controller.KafkaController)
[2021-01-15 19:39:37,321] TRACE [Controller id=0] Checking need to trigger auto leader balancing (kafka.controller.KafkaController)
[2021-01-15 19:39:37,322] DEBUG [Controller id=0] Topics not in preferred replica for broker 0 HashMap() (kafka.controller.KafkaController)
[2021-01-15 19:39:37,323] TRACE [Controller id=0] Leader imbalance ratio for broker 0 is 0.0 (kafka.controller.KafkaController)
[2021-01-15 19:44:37,336] INFO [Controller id=0] Processing automatic preferred replica leader election (kafka.controller.KafkaController)
[2021-01-15 19:44:37,337] TRACE [Controller id=0] Checking need to trigger auto leader balancing (kafka.controller.KafkaController)
[2021-01-15 19:44:37,338] DEBUG [Controller id=0] Topics not in preferred replica for broker 0 HashMap() (kafka.controller.KafkaController)
[2021-01-15 19:44:37,339] TRACE [Controller id=0] Leader imbalance ratio for broker 0 is 0.0 (kafka.controller.KafkaController)
[2021-01-15 19:49:37,347] INFO [Controller id=0] Processing automatic preferred replica leader election (kafka.controller.KafkaController)
[2021-01-15 19:49:37,348] TRACE [Controller id=0] Checking need to trigger auto leader balancing (kafka.controller.KafkaController)
[2021-01-15 19:49:37,349] DEBUG [Controller id=0] Topics not in preferred replica for broker 0 HashMap() (kafka.controller.KafkaController)
[2021-01-15 19:49:37,350] TRACE [Controller id=0] Leader imbalance ratio for broker 0 is 0.0 (kafka.controller.KafkaController)
[2021-01-15 19:54:37,357] INFO [Controller id=0] Processing automatic preferred replica leader election (kafka.controller.KafkaController)
[2021-01-15 19:54:37,357] TRACE [Controller id=0] Checking need to trigger auto leader balancing (kafka.controller.KafkaController)
[2021-01-15 19:54:37,357] DEBUG [Controller id=0] Topics not in preferred replica for broker 0 HashMap() (kafka.controller.KafkaController)
[2021-01-15 19:54:37,357] TRACE [Controller id=0] Leader imbalance ratio for broker 0 is 0.0 (kafka.controller.KafkaController)
[2021-01-15 19:59:37,364] INFO [Controller id=0] Processing automatic preferred replica leader election (kafka.controller.KafkaController)
[2021-01-15 19:59:37,364] TRACE [Controller id=0] Checking need to trigger auto leader balancing (kafka.controller.KafkaController)
[2021-01-15 19:59:37,366] DEBUG [Controller id=0] Topics not in preferred replica for broker 0 HashMap() (kafka.controller.KafkaController)
[2021-01-15 19:59:37,366] TRACE [Controller id=0] Leader imbalance ratio for broker 0 is 0.0 (kafka.controller.KafkaController)
[2021-01-15 20:04:37,380] INFO [Controller id=0] Processing automatic preferred replica leader election (kafka.controller.KafkaController)
[2021-01-15 20:04:37,382] TRACE [Controller id=0] Checking need to trigger auto leader balancing (kafka.controller.KafkaController)
[2021-01-15 20:04:37,382] DEBUG [Controller id=0] Topics not in preferred replica for broker 0 HashMap() (kafka.controller.KafkaController)
[2021-01-15 20:04:37,382] TRACE [Controller id=0] Leader imbalance ratio for broker 0 is 0.0 (kafka.controller.KafkaController)
[2021-01-15 20:09:37,384] INFO [Controller id=0] Processing automatic preferred replica leader election (kafka.controller.KafkaController)
[2021-01-15 20:09:37,384] TRACE [Controller id=0] Checking need to trigger auto leader balancing (kafka.controller.KafkaController)
[2021-01-15 20:09:37,384] DEBUG [Controller id=0] Topics not in preferred replica for broker 0 HashMap() (kafka.controller.KafkaController)
[2021-01-15 20:09:37,384] TRACE [Controller id=0] Leader imbalance ratio for broker 0 is 0.0 (kafka.controller.KafkaController)
[2021-01-15 20:14:37,400] INFO [Controller id=0] Processing automatic preferred replica leader election (kafka.controller.KafkaController)
[2021-01-15 20:14:37,400] TRACE [Controller id=0] Checking need to trigger auto leader balancing (kafka.controller.KafkaController)
[2021-01-15 20:14:37,400] DEBUG [Controller id=0] Topics not in preferred replica for broker 0 HashMap() (kafka.controller.KafkaController)
[2021-01-15 20:14:37,400] TRACE [Controller id=0] Leader imbalance ratio for broker 0 is 0.0 (kafka.controller.KafkaController)
[2021-01-15 20:19:37,409] INFO [Controller id=0] Processing automatic preferred replica leader election (kafka.controller.KafkaController)
[2021-01-15 20:19:37,410] TRACE [Controller id=0] Checking need to trigger auto leader balancing (kafka.controller.KafkaController)
[2021-01-15 20:19:37,411] DEBUG [Controller id=0] Topics not in preferred replica for broker 0 HashMap() (kafka.controller.KafkaController)
[2021-01-15 20:19:37,411] TRACE [Controller id=0] Leader imbalance ratio for broker 0 is 0.0 (kafka.controller.KafkaController)
[2021-01-15 20:24:37,424] INFO [Controller id=0] Processing automatic preferred replica leader election (kafka.controller.KafkaController)
[2021-01-15 20:24:37,424] TRACE [Controller id=0] Checking need to trigger auto leader balancing (kafka.controller.KafkaController)
[2021-01-15 20:24:37,424] DEBUG [Controller id=0] Topics not in preferred replica for broker 0 HashMap() (kafka.controller.KafkaController)
[2021-01-15 20:24:37,424] TRACE [Controller id=0] Leader imbalance ratio for broker 0 is 0.0 (kafka.controller.KafkaController)
[2021-01-15 20:29:37,436] INFO [Controller id=0] Processing automatic preferred replica leader election (kafka.controller.KafkaController)
[2021-01-15 20:29:37,436] TRACE [Controller id=0] Checking need to trigger auto leader balancing (kafka.controller.KafkaController)
[2021-01-15 20:29:37,436] DEBUG [Controller id=0] Topics not in preferred replica for broker 0 HashMap() (kafka.controller.KafkaController)
[2021-01-15 20:29:37,436] TRACE [Controller id=0] Leader imbalance ratio for broker 0 is 0.0 (kafka.controller.KafkaController)
[2021-01-15 20:34:37,450] INFO [Controller id=0] Processing automatic preferred replica leader election (kafka.controller.KafkaController)
[2021-01-15 20:34:37,450] TRACE [Controller id=0] Checking need to trigger auto leader balancing (kafka.controller.KafkaController)
[2021-01-15 20:34:37,450] DEBUG [Controller id=0] Topics not in preferred replica for broker 0 HashMap() (kafka.controller.KafkaController)
[2021-01-15 20:34:37,450] TRACE [Controller id=0] Leader imbalance ratio for broker 0 is 0.0 (kafka.controller.KafkaController)
[2021-01-15 20:39:37,452] INFO [Controller id=0] Processing automatic preferred replica leader election (kafka.controller.KafkaController)
[2021-01-15 20:39:37,452] TRACE [Controller id=0] Checking need to trigger auto leader balancing (kafka.controller.KafkaController)
[2021-01-15 20:39:37,452] DEBUG [Controller id=0] Topics not in preferred replica for broker 0 HashMap() (kafka.controller.KafkaController)
[2021-01-15 20:39:37,453] TRACE [Controller id=0] Leader imbalance ratio for broker 0 is 0.0 (kafka.controller.KafkaController)
[2021-01-15 20:44:37,493] INFO [Controller id=0] Processing automatic preferred replica leader election (kafka.controller.KafkaController)
[2021-01-15 20:44:37,493] TRACE [Controller id=0] Checking need to trigger auto leader balancing (kafka.controller.KafkaController)
[2021-01-15 20:44:37,493] DEBUG [Controller id=0] Topics not in preferred replica for broker 0 HashMap() (kafka.controller.KafkaController)
[2021-01-15 20:44:37,493] TRACE [Controller id=0] Leader imbalance ratio for broker 0 is 0.0 (kafka.controller.KafkaController)
[2021-01-15 20:49:37,508] INFO [Controller id=0] Processing automatic preferred replica leader election (kafka.controller.KafkaController)
[2021-01-15 20:49:37,508] TRACE [Controller id=0] Checking need to trigger auto leader balancing (kafka.controller.KafkaController)
[2021-01-15 20:49:37,508] DEBUG [Controller id=0] Topics not in preferred replica for broker 0 HashMap() (kafka.controller.KafkaController)
[2021-01-15 20:49:37,508] TRACE [Controller id=0] Leader imbalance ratio for broker 0 is 0.0 (kafka.controller.KafkaController)
[2021-01-15 20:54:37,521] INFO [Controller id=0] Processing automatic preferred replica leader election (kafka.controller.KafkaController)
[2021-01-15 20:54:37,521] TRACE [Controller id=0] Checking need to trigger auto leader balancing (kafka.controller.KafkaController)
[2021-01-15 20:54:37,521] DEBUG [Controller id=0] Topics not in preferred replica for broker 0 HashMap() (kafka.controller.KafkaController)
[2021-01-15 20:54:37,521] TRACE [Controller id=0] Leader imbalance ratio for broker 0 is 0.0 (kafka.controller.KafkaController)
[2021-01-15 20:59:37,533] INFO [Controller id=0] Processing automatic preferred replica leader election (kafka.controller.KafkaController)
[2021-01-15 20:59:37,533] TRACE [Controller id=0] Checking need to trigger auto leader balancing (kafka.controller.KafkaController)
[2021-01-15 20:59:37,533] DEBUG [Controller id=0] Topics not in preferred replica for broker 0 HashMap() (kafka.controller.KafkaController)
[2021-01-15 20:59:37,533] TRACE [Controller id=0] Leader imbalance ratio for broker 0 is 0.0 (kafka.controller.KafkaController)
[2021-01-15 21:04:37,547] INFO [Controller id=0] Processing automatic preferred replica leader election (kafka.controller.KafkaController)
[2021-01-15 21:04:37,548] TRACE [Controller id=0] Checking need to trigger auto leader balancing (kafka.controller.KafkaController)
[2021-01-15 21:04:37,548] DEBUG [Controller id=0] Topics not in preferred replica for broker 0 HashMap() (kafka.controller.KafkaController)
[2021-01-15 21:04:37,548] TRACE [Controller id=0] Leader imbalance ratio for broker 0 is 0.0 (kafka.controller.KafkaController)
[2021-01-15 21:09:37,560] INFO [Controller id=0] Processing automatic preferred replica leader election (kafka.controller.KafkaController)
[2021-01-15 21:09:37,560] TRACE [Controller id=0] Checking need to trigger auto leader balancing (kafka.controller.KafkaController)
[2021-01-15 21:09:37,560] DEBUG [Controller id=0] Topics not in preferred replica for broker 0 HashMap() (kafka.controller.KafkaController)
[2021-01-15 21:09:37,560] TRACE [Controller id=0] Leader imbalance ratio for broker 0 is 0.0 (kafka.controller.KafkaController)
[2021-01-15 21:14:37,566] INFO [Controller id=0] Processing automatic preferred replica leader election (kafka.controller.KafkaController)
[2021-01-15 21:14:37,566] TRACE [Controller id=0] Checking need to trigger auto leader balancing (kafka.controller.KafkaController)
[2021-01-15 21:14:37,568] DEBUG [Controller id=0] Topics not in preferred replica for broker 0 HashMap() (kafka.controller.KafkaController)
[2021-01-15 21:14:37,568] TRACE [Controller id=0] Leader imbalance ratio for broker 0 is 0.0 (kafka.controller.KafkaController)
